\BOOKMARK [1][-]{section.1}{\376\377\000I\000n\000t\000r\000o\000d\000u\000c\000t\000i\000o\000n}{}% 1
\BOOKMARK [2][-]{subsection.1.1}{\376\377\000C\000o\000n\000t\000e\000x\000t\000e}{section.1}% 2
\BOOKMARK [2][-]{subsection.1.2}{\376\377\000C\000h\000o\000i\000x\000\040\000t\000e\000c\000h\000n\000o\000l\000o\000g\000i\000q\000u\000e\000s}{section.1}% 3
\BOOKMARK [2][-]{subsection.1.3}{\376\377\000O\000b\000j\000e\000c\000t\000i\000f\000s}{section.1}% 4
\BOOKMARK [2][-]{subsection.1.4}{\376\377\000O\000r\000g\000a\000n\000i\000s\000a\000t\000i\000o\000n\000\040\000d\000u\000\040\000r\000a\000p\000p\000o\000r\000t}{section.1}% 5
\BOOKMARK [1][-]{section.2}{\376\377\000M\000\351\000t\000h\000o\000d\000o\000l\000o\000g\000i\000e}{}% 6
\BOOKMARK [2][-]{subsection.2.1}{\376\377\000M\000o\000d\000\350\000l\000e\000\040\000m\000a\000t\000h\000\351\000m\000a\000t\000i\000q\000u\000e}{section.2}% 7
\BOOKMARK [3][-]{subsubsection.2.1.1}{\376\377\000S\000t\000r\000u\000c\000t\000u\000r\000e\000\040\000d\000e\000\040\000l\000a\000\040\000p\000o\000p\000u\000l\000a\000t\000i\000o\000n}{subsection.2.1}% 8
\BOOKMARK [3][-]{subsubsection.2.1.2}{\376\377\000S\000t\000r\000u\000c\000t\000u\000r\000e\000s\000\040\000d\000e\000\040\000d\000o\000n\000n\000\351\000e\000s}{subsection.2.1}% 9
\BOOKMARK [3][-]{subsubsection.2.1.3}{\376\377\000R\000e\000p\000r\000o\000d\000u\000c\000t\000i\000o\000n}{subsection.2.1}% 10
\BOOKMARK [3][-]{subsubsection.2.1.4}{\376\377\000V\000i\000e\000i\000l\000l\000i\000s\000s\000e\000m\000e\000n\000t\000\040\000e\000t\000\040\000m\000o\000r\000t\000a\000l\000i\000t\000\351}{subsection.2.1}% 11
\BOOKMARK [2][-]{subsection.2.2}{\376\377\000G\000\351\000n\000\351\000r\000a\000t\000e\000u\000r\000\040\000d\000e\000\040\000n\000o\000m\000b\000r\000e\000s\000\040\000a\000l\000\351\000a\000t\000o\000i\000r\000e\000s}{section.2}% 12
\BOOKMARK [2][-]{subsection.2.3}{\376\377\000P\000r\000\351\000c\000i\000s\000i\000o\000n\000\040\000n\000u\000m\000\351\000r\000i\000q\000u\000e}{section.2}% 13
\BOOKMARK [1][-]{section.3}{\376\377\000I\000m\000p\000l\000\351\000m\000e\000n\000t\000a\000t\000i\000o\000n}{}% 14
\BOOKMARK [2][-]{subsection.3.1}{\376\377\000A\000r\000c\000h\000i\000t\000e\000c\000t\000u\000r\000e\000\040\000l\000o\000g\000i\000c\000i\000e\000l\000l\000e}{section.3}% 15
\BOOKMARK [2][-]{subsection.3.2}{\376\377\000M\000o\000d\000u\000l\000e\000s\000\040\000p\000r\000i\000n\000c\000i\000p\000a\000u\000x}{section.3}% 16
\BOOKMARK [3][-]{subsubsection.3.2.1}{\376\377\000M\000o\000d\000u\000l\000e\000\040\000s\000i\000m\000u\000l\000a\000t\000i\000o\000n}{subsection.3.2}% 17
\BOOKMARK [3][-]{subsubsection.3.2.2}{\376\377\000M\000o\000d\000u\000l\000e\000\040\000r\000e\000p\000r\000o\000d\000u\000c\000t\000i\000o\000n}{subsection.3.2}% 18
\BOOKMARK [3][-]{subsubsection.3.2.3}{\376\377\000M\000o\000d\000u\000l\000e\000\040\000a\000g\000i\000n\000g}{subsection.3.2}% 19
\BOOKMARK [2][-]{subsection.3.3}{\376\377\000S\000y\000s\000t\000\350\000m\000e\000\040\000d\000e\000\040\000b\000u\000i\000l\000d}{section.3}% 20
\BOOKMARK [1][-]{section.4}{\376\377\000E\000x\000p\000\351\000r\000i\000m\000e\000n\000t\000a\000t\000i\000o\000n\000s}{}% 21
\BOOKMARK [2][-]{subsection.4.1}{\376\377\000E\000x\000p\000\351\000r\000i\000e\000n\000c\000e\000\040\0001\000\040\000:\000\040\000C\000o\000m\000p\000a\000r\000a\000i\000s\000o\000n\000\040\000d\000e\000s\000\040\000c\000o\000n\000d\000i\000t\000i\000o\000n\000s\000\040\000i\000n\000i\000t\000i\000a\000l\000e\000s}{section.4}% 22
\BOOKMARK [3][-]{subsubsection.4.1.1}{\376\377\000P\000r\000o\000t\000o\000c\000o\000l\000e}{subsection.4.1}% 23
\BOOKMARK [3][-]{subsubsection.4.1.2}{\376\377\000H\000y\000p\000o\000t\000h\000\350\000s\000e\000s}{subsection.4.1}% 24
\BOOKMARK [2][-]{subsection.4.2}{\376\377\000E\000x\000p\000\351\000r\000i\000e\000n\000c\000e\000\040\0002\000\040\000:\000\040\000A\000n\000a\000l\000y\000s\000e\000\040\000d\000e\000\040\000l\000a\000\040\000v\000a\000r\000i\000a\000b\000i\000l\000i\000t\000\351}{section.4}% 25
\BOOKMARK [3][-]{subsubsection.4.2.1}{\376\377\000P\000r\000o\000t\000o\000c\000o\000l\000e}{subsection.4.2}% 26
\BOOKMARK [3][-]{subsubsection.4.2.2}{\376\377\000H\000y\000p\000o\000t\000h\000\350\000s\000e\000s}{subsection.4.2}% 27
\BOOKMARK [2][-]{subsection.4.3}{\376\377\000E\000x\000p\000\351\000r\000i\000e\000n\000c\000e\000\040\0003\000\040\000:\000\040\000\311\000t\000u\000d\000e\000\040\000s\000t\000a\000t\000i\000s\000t\000i\000q\000u\000e\000\040\000\050\000b\000o\000x\000p\000l\000o\000t\000s\000\051}{section.4}% 28
\BOOKMARK [3][-]{subsubsection.4.3.1}{\376\377\000P\000r\000o\000t\000o\000c\000o\000l\000e}{subsection.4.3}% 29
\BOOKMARK [3][-]{subsubsection.4.3.2}{\376\377\000A\000n\000a\000l\000y\000s\000e\000\040\000s\000t\000a\000t\000i\000s\000t\000i\000q\000u\000e}{subsection.4.3}% 30
\BOOKMARK [1][-]{section.5}{\376\377\000R\000\351\000s\000u\000l\000t\000a\000t\000s}{}% 31
\BOOKMARK [2][-]{subsection.5.1}{\376\377\000E\000x\000p\000\351\000r\000i\000e\000n\000c\000e\000\040\0001\000\040\000:\000\040\000C\000o\000m\000p\000a\000r\000a\000i\000s\000o\000n\000\040\000d\000e\000s\000\040\000c\000o\000n\000d\000i\000t\000i\000o\000n\000s\000\040\000i\000n\000i\000t\000i\000a\000l\000e\000s}{section.5}% 32
\BOOKMARK [3][-]{subsubsection.5.1.1}{\376\377\000O\000b\000s\000e\000r\000v\000a\000t\000i\000o\000n\000s}{subsection.5.1}% 33
\BOOKMARK [3][-]{subsubsection.5.1.2}{\376\377\000I\000n\000t\000e\000r\000p\000r\000\351\000t\000a\000t\000i\000o\000n}{subsection.5.1}% 34
\BOOKMARK [2][-]{subsection.5.2}{\376\377\000E\000x\000p\000\351\000r\000i\000e\000n\000c\000e\000\040\0002\000\040\000:\000\040\000A\000n\000a\000l\000y\000s\000e\000\040\000d\000e\000\040\000l\000a\000\040\000v\000a\000r\000i\000a\000b\000i\000l\000i\000t\000\351}{section.5}% 35
\BOOKMARK [3][-]{subsubsection.5.2.1}{\376\377\000O\000b\000s\000e\000r\000v\000a\000t\000i\000o\000n\000s}{subsection.5.2}% 36
\BOOKMARK [2][-]{subsection.5.3}{\376\377\000E\000x\000p\000\351\000r\000i\000e\000n\000c\000e\000\040\0003\000\040\000:\000\040\000\311\000t\000u\000d\000e\000\040\000s\000t\000a\000t\000i\000s\000t\000i\000q\000u\000e\000\040\000\050\000b\000o\000x\000p\000l\000o\000t\000s\000\051}{section.5}% 37
\BOOKMARK [3][-]{subsubsection.5.3.1}{\376\377\000O\000b\000s\000e\000r\000v\000a\000t\000i\000o\000n\000s}{subsection.5.3}% 38
\BOOKMARK [3][-]{subsubsection.5.3.2}{\376\377\000C\000o\000m\000p\000a\000r\000a\000i\000s\000o\000n\000\040\000s\000t\000a\000t\000i\000s\000t\000i\000q\000u\000e}{subsection.5.3}% 39
\BOOKMARK [1][-]{section.6}{\376\377\000D\000i\000s\000c\000u\000s\000s\000i\000o\000n}{}% 40
\BOOKMARK [2][-]{subsection.6.1}{\376\377\000V\000a\000l\000i\000d\000a\000t\000i\000o\000n\000\040\000d\000u\000\040\000m\000o\000d\000\350\000l\000e}{section.6}% 41
\BOOKMARK [3][-]{subsubsection.6.1.1}{\376\377\000C\000o\000h\000\351\000r\000e\000n\000c\000e\000\040\000b\000i\000o\000l\000o\000g\000i\000q\000u\000e}{subsection.6.1}% 42
\BOOKMARK [3][-]{subsubsection.6.1.2}{\376\377\000V\000a\000l\000i\000d\000a\000t\000i\000o\000n\000\040\000n\000u\000m\000\351\000r\000i\000q\000u\000e}{subsection.6.1}% 43
\BOOKMARK [2][-]{subsection.6.2}{\376\377\000L\000i\000m\000i\000t\000e\000s\000\040\000d\000u\000\040\000m\000o\000d\000\350\000l\000e}{section.6}% 44
\BOOKMARK [3][-]{subsubsection.6.2.1}{\376\377\000L\000i\000m\000i\000t\000a\000t\000i\000o\000n\000s\000\040\000b\000i\000o\000l\000o\000g\000i\000q\000u\000e\000s}{subsection.6.2}% 45
\BOOKMARK [3][-]{subsubsection.6.2.2}{\376\377\000L\000i\000m\000i\000t\000a\000t\000i\000o\000n\000s\000\040\000n\000u\000m\000\351\000r\000i\000q\000u\000e\000s}{subsection.6.2}% 46
\BOOKMARK [1][-]{section.7}{\376\377\000C\000o\000n\000c\000l\000u\000s\000i\000o\000n}{}% 47
\BOOKMARK [2][-]{subsection.7.1}{\376\377\000R\000\351\000s\000u\000l\000t\000a\000t\000s\000\040\000p\000r\000i\000n\000c\000i\000p\000a\000u\000x}{section.7}% 48
\BOOKMARK [2][-]{subsection.7.2}{\376\377\000C\000o\000m\000p\000\351\000t\000e\000n\000c\000e\000s\000\040\000a\000c\000q\000u\000i\000s\000e\000s}{section.7}% 49
\BOOKMARK [2][-]{subsection.7.3}{\376\377\000P\000e\000r\000f\000o\000r\000m\000a\000n\000c\000e\000\040\000e\000t\000\040\000l\000i\000m\000i\000t\000e\000s\000\040\000p\000h\000y\000s\000i\000q\000u\000e\000s}{section.7}% 50
\BOOKMARK [1][-]{appendix.A}{\376\377\000C\000o\000d\000e\000\040\000s\000o\000u\000r\000c\000e}{}% 51
\BOOKMARK [2][-]{subsection.A.1}{\376\377\000E\000x\000e\000m\000p\000l\000e\000\040\000:\000\040\000F\000o\000n\000c\000t\000i\000o\000n\000\040\000d\000e\000\040\000s\000i\000m\000u\000l\000a\000t\000i\000o\000n\000\040\000d\000'\000u\000n\000\040\000m\000o\000i\000s}{appendix.A}% 52
\BOOKMARK [2][-]{subsection.A.2}{\376\377\000E\000x\000e\000m\000p\000l\000e\000\040\000:\000\040\000F\000o\000n\000c\000t\000i\000o\000n\000\040\000d\000e\000\040\000g\000\351\000n\000\351\000r\000a\000t\000i\000o\000n\000\040\000d\000e\000\040\000g\000r\000a\000p\000h\000i\000q\000u\000e\000s}{appendix.A}% 53
\BOOKMARK [1][-]{appendix.B}{\376\377\000R\000\351\000f\000\351\000r\000e\000n\000c\000e\000s}{}% 54
